<?xml version="1.0" encoding="UTF-8"?>
<!-- Generated by org.testng.reporters.JUnitReportReporter -->
<testsuite name="CoolTesters.Selenium.AppTest" tests="1" time="0.012" ignored="0" failures="0" timestamp="12 sep 2020 13:49:31 GMT" skipped="0" hostname="CAPMX-PF1Q453T" errors="0">
  <testcase name="shouldAnswerWithTrue" time="0.012" classname="CoolTesters.Selenium.AppTest"/>
</testsuite> <!-- CoolTesters.Selenium.AppTest -->
